<?xml version="1.0" encoding="UTF-8"?>
<testng-results skipped="0" failed="0" ignored="0" total="1" passed="1">
  <reporter-output>
  </reporter-output>
  <suite name="Default suite" duration-ms="97" started-at="2021-08-17T12:27:55Z" finished-at="2021-08-17T12:27:55Z">
    <groups>
    </groups>
    <test name="Default test" duration-ms="97" started-at="2021-08-17T12:27:55Z" finished-at="2021-08-17T12:27:55Z">
      <class name="string.StringMethods">
        <test-method status="PASS" signature="methodsInString()[pri:0, instance:string.StringMethods@5afa04c]" name="methodsInString" duration-ms="74" started-at="2021-08-17T17:57:55Z" finished-at="2021-08-17T17:57:55Z">
          <reporter-output>
          </reporter-output>
        </test-method> <!-- methodsInString -->
      </class> <!-- string.StringMethods -->
    </test> <!-- Default test -->
  </suite> <!-- Default suite -->
</testng-results>
